<?xml version="1.0" encoding="UTF-8"?>
<testsuite name="com.jayden.springboot.domain.posts.PostsRepositoryTest" tests="1" skipped="0" failures="0" errors="0" timestamp="2019-12-09T15:02:54" hostname="jaydenui-MacBookPro.local" time="0.523">
  <properties/>
  <testcase name="BaseTimeEntity_등록" classname="com.jayden.springboot.domain.posts.PostsRepositoryTest" time="0.523"/>
  <system-out><![CDATA[00:02:49.073 [Test worker] DEBUG org.springframework.test.context.junit4.SpringJUnit4ClassRunner - SpringJUnit4ClassRunner constructor called with [class com.jayden.springboot.domain.posts.PostsRepositoryTest]
00:02:49.086 [Test worker] DEBUG org.springframework.test.context.BootstrapUtils - Instantiating CacheAwareContextLoaderDelegate from class [org.springframework.test.context.cache.DefaultCacheAwareContextLoaderDelegate]
00:02:49.099 [Test worker] DEBUG org.springframework.test.context.BootstrapUtils - Instantiating BootstrapContext using constructor [public org.springframework.test.context.support.DefaultBootstrapContext(java.lang.Class,org.springframework.test.context.CacheAwareContextLoaderDelegate)]
00:02:49.131 [Test worker] DEBUG org.springframework.test.context.BootstrapUtils - Instantiating TestContextBootstrapper for test class [com.jayden.springboot.domain.posts.PostsRepositoryTest] from class [org.springframework.boot.test.context.SpringBootTestContextBootstrapper]
00:02:49.150 [Test worker] INFO org.springframework.boot.test.context.SpringBootTestContextBootstrapper - Neither @ContextConfiguration nor @ContextHierarchy found for test class [com.jayden.springboot.domain.posts.PostsRepositoryTest], using SpringBootContextLoader
00:02:49.154 [Test worker] DEBUG org.springframework.test.context.support.AbstractContextLoader - Did not detect default resource location for test class [com.jayden.springboot.domain.posts.PostsRepositoryTest]: class path resource [com/jayden/springboot/domain/posts/PostsRepositoryTest-context.xml] does not exist
00:02:49.155 [Test worker] DEBUG org.springframework.test.context.support.AbstractContextLoader - Did not detect default resource location for test class [com.jayden.springboot.domain.posts.PostsRepositoryTest]: class path resource [com/jayden/springboot/domain/posts/PostsRepositoryTestContext.groovy] does not exist
00:02:49.156 [Test worker] INFO org.springframework.test.context.support.AbstractContextLoader - Could not detect default resource locations for test class [com.jayden.springboot.domain.posts.PostsRepositoryTest]: no resource found for suffixes {-context.xml, Context.groovy}.
00:02:49.157 [Test worker] INFO org.springframework.test.context.support.AnnotationConfigContextLoaderUtils - Could not detect default configuration classes for test class [com.jayden.springboot.domain.posts.PostsRepositoryTest]: PostsRepositoryTest does not declare any static, non-private, non-final, nested classes annotated with @Configuration.
00:02:49.215 [Test worker] DEBUG org.springframework.test.context.support.ActiveProfilesUtils - Could not find an 'annotation declaring class' for annotation type [org.springframework.test.context.ActiveProfiles] and class [com.jayden.springboot.domain.posts.PostsRepositoryTest]
00:02:49.323 [Test worker] DEBUG org.springframework.context.annotation.ClassPathScanningCandidateComponentProvider - Identified candidate component class: file [/Users/jayden/Dev/Github/springboot-webservice/build/classes/java/main/com/jayden/springboot/Application.class]
00:02:49.324 [Test worker] INFO org.springframework.boot.test.context.SpringBootTestContextBootstrapper - Found @SpringBootConfiguration com.jayden.springboot.Application for test class com.jayden.springboot.domain.posts.PostsRepositoryTest
00:02:49.442 [Test worker] DEBUG org.springframework.boot.test.context.SpringBootTestContextBootstrapper - @TestExecutionListeners is not present for class [com.jayden.springboot.domain.posts.PostsRepositoryTest]: using defaults.
00:02:49.443 [Test worker] INFO org.springframework.boot.test.context.SpringBootTestContextBootstrapper - Loaded default TestExecutionListener class names from location [META-INF/spring.factories]: [org.springframework.boot.test.autoconfigure.restdocs.RestDocsTestExecutionListener, org.springframework.boot.test.autoconfigure.web.client.MockRestServiceServerResetTestExecutionListener, org.springframework.boot.test.autoconfigure.web.servlet.MockMvcPrintOnlyOnFailureTestExecutionListener, org.springframework.boot.test.autoconfigure.web.servlet.WebDriverTestExecutionListener, org.springframework.boot.test.mock.mockito.MockitoTestExecutionListener, org.springframework.boot.test.mock.mockito.ResetMocksTestExecutionListener, org.springframework.test.context.web.ServletTestExecutionListener, org.springframework.test.context.support.DirtiesContextBeforeModesTestExecutionListener, org.springframework.test.context.support.DependencyInjectionTestExecutionListener, org.springframework.test.context.support.DirtiesContextTestExecutionListener, org.springframework.test.context.transaction.TransactionalTestExecutionListener, org.springframework.test.context.jdbc.SqlScriptsTestExecutionListener]
00:02:49.466 [Test worker] INFO org.springframework.boot.test.context.SpringBootTestContextBootstrapper - Using TestExecutionListeners: [org.springframework.test.context.web.ServletTestExecutionListener@376071c4, org.springframework.test.context.support.DirtiesContextBeforeModesTestExecutionListener@75497270, org.springframework.boot.test.mock.mockito.MockitoTestExecutionListener@366d812f, org.springframework.boot.test.autoconfigure.SpringBootDependencyInjectionTestExecutionListener@1b582e43, org.springframework.test.context.support.DirtiesContextTestExecutionListener@2f0282bd, org.springframework.test.context.transaction.TransactionalTestExecutionListener@11e6afdf, org.springframework.test.context.jdbc.SqlScriptsTestExecutionListener@4bd83035, org.springframework.boot.test.autoconfigure.restdocs.RestDocsTestExecutionListener@11a8253b, org.springframework.boot.test.autoconfigure.web.client.MockRestServiceServerResetTestExecutionListener@2a845ad9, org.springframework.boot.test.autoconfigure.web.servlet.MockMvcPrintOnlyOnFailureTestExecutionListener@e389001, org.springframework.boot.test.autoconfigure.web.servlet.WebDriverTestExecutionListener@4eb506b, org.springframework.boot.test.mock.mockito.ResetMocksTestExecutionListener@543a3c30]
00:02:49.472 [Test worker] DEBUG org.springframework.test.annotation.ProfileValueUtils - Retrieved @ProfileValueSourceConfiguration [null] for test class [com.jayden.springboot.domain.posts.PostsRepositoryTest]
00:02:49.473 [Test worker] DEBUG org.springframework.test.annotation.ProfileValueUtils - Retrieved ProfileValueSource type [class org.springframework.test.annotation.SystemProfileValueSource] for class [com.jayden.springboot.domain.posts.PostsRepositoryTest]
00:02:49.478 [Test worker] DEBUG org.springframework.test.annotation.ProfileValueUtils - Retrieved @ProfileValueSourceConfiguration [null] for test class [com.jayden.springboot.domain.posts.PostsRepositoryTest]
00:02:49.479 [Test worker] DEBUG org.springframework.test.annotation.ProfileValueUtils - Retrieved ProfileValueSource type [class org.springframework.test.annotation.SystemProfileValueSource] for class [com.jayden.springboot.domain.posts.PostsRepositoryTest]
00:02:49.480 [Test worker] DEBUG org.springframework.test.annotation.ProfileValueUtils - Retrieved @ProfileValueSourceConfiguration [null] for test class [com.jayden.springboot.domain.posts.PostsRepositoryTest]
00:02:49.480 [Test worker] DEBUG org.springframework.test.annotation.ProfileValueUtils - Retrieved ProfileValueSource type [class org.springframework.test.annotation.SystemProfileValueSource] for class [com.jayden.springboot.domain.posts.PostsRepositoryTest]
00:02:49.486 [Test worker] DEBUG org.springframework.test.context.support.AbstractDirtiesContextTestExecutionListener - Before test class: context [DefaultTestContext@ec607ca testClass = PostsRepositoryTest, testInstance = [null], testMethod = [null], testException = [null], mergedContextConfiguration = [WebMergedContextConfiguration@67c7ec13 testClass = PostsRepositoryTest, locations = '{}', classes = '{class com.jayden.springboot.Application}', contextInitializerClasses = '[]', activeProfiles = '{}', propertySourceLocations = '{}', propertySourceProperties = '{org.springframework.boot.test.context.SpringBootTestContextBootstrapper=true}', contextCustomizers = set[org.springframework.boot.test.autoconfigure.properties.PropertyMappingContextCustomizer@0, org.springframework.boot.test.autoconfigure.web.servlet.WebDriverContextCustomizerFactory$Customizer@aed4de7, org.springframework.boot.test.context.filter.ExcludeFilterContextCustomizer@2536f8ca, org.springframework.boot.test.json.DuplicateJsonObjectContextCustomizerFactory$DuplicateJsonObjectContextCustomizer@3b189856, org.springframework.boot.test.mock.mockito.MockitoContextCustomizer@0, org.springframework.boot.test.web.client.TestRestTemplateContextCustomizer@2990a3c0], resourceBasePath = 'src/main/webapp', contextLoader = 'org.springframework.boot.test.context.SpringBootContextLoader', parent = [null]], attributes = map['org.springframework.test.context.web.ServletTestExecutionListener.activateListener' -> true]], class annotated with @DirtiesContext [false] with mode [null].
00:02:49.486 [Test worker] DEBUG org.springframework.test.annotation.ProfileValueUtils - Retrieved @ProfileValueSourceConfiguration [null] for test class [com.jayden.springboot.domain.posts.PostsRepositoryTest]
00:02:49.487 [Test worker] DEBUG org.springframework.test.annotation.ProfileValueUtils - Retrieved ProfileValueSource type [class org.springframework.test.annotation.SystemProfileValueSource] for class [com.jayden.springboot.domain.posts.PostsRepositoryTest]
00:02:49.519 [Test worker] DEBUG org.springframework.test.context.support.TestPropertySourceUtils - Adding inlined properties to environment: {spring.jmx.enabled=false, org.springframework.boot.test.context.SpringBootTestContextBootstrapper=true, server.port=-1}

  .   ____          _            __ _ _
 /\\ / ___'_ __ _ _(_)_ __  __ _ \ \ \ \
( ( )\___ | '_ | '_| | '_ \/ _` | \ \ \ \
 \\/  ___)| |_)| | | | | || (_| |  ) ) ) )
  '  |____| .__|_| |_|_| |_\__, | / / / /
 =========|_|==============|___/=/_/_/_/
 :: Spring Boot ::        (v2.1.9.RELEASE)

2019-12-10 00:02:49.841  INFO 36963 --- [    Test worker] c.j.s.domain.posts.PostsRepositoryTest   : Starting PostsRepositoryTest on jaydenui-MacBookPro.local with PID 36963 (started by jayden in /Users/jayden/Dev/Github/springboot-webservice)
2019-12-10 00:02:49.842  INFO 36963 --- [    Test worker] c.j.s.domain.posts.PostsRepositoryTest   : No active profile set, falling back to default profiles: default
2019-12-10 00:02:50.757  INFO 36963 --- [    Test worker] .s.d.r.c.RepositoryConfigurationDelegate : Bootstrapping Spring Data repositories in DEFAULT mode.
2019-12-10 00:02:50.855  INFO 36963 --- [    Test worker] .s.d.r.c.RepositoryConfigurationDelegate : Finished Spring Data repository scanning in 85ms. Found 1 repository interfaces.
2019-12-10 00:02:51.389  INFO 36963 --- [    Test worker] trationDelegate$BeanPostProcessorChecker : Bean 'org.springframework.transaction.annotation.ProxyTransactionManagementConfiguration' of type [org.springframework.transaction.annotation.ProxyTransactionManagementConfiguration$$EnhancerBySpringCGLIB$$36c57b2e] is not eligible for getting processed by all BeanPostProcessors (for example: not eligible for auto-proxying)
2019-12-10 00:02:51.642  INFO 36963 --- [    Test worker] com.zaxxer.hikari.HikariDataSource       : HikariPool-1 - Starting...
2019-12-10 00:02:51.896  INFO 36963 --- [    Test worker] com.zaxxer.hikari.HikariDataSource       : HikariPool-1 - Start completed.
2019-12-10 00:02:51.997  INFO 36963 --- [    Test worker] o.hibernate.jpa.internal.util.LogHelper  : HHH000204: Processing PersistenceUnitInfo [
	name: default
	...]
2019-12-10 00:02:52.073  INFO 36963 --- [    Test worker] org.hibernate.Version                    : HHH000412: Hibernate Core {5.3.12.Final}
2019-12-10 00:02:52.075  INFO 36963 --- [    Test worker] org.hibernate.cfg.Environment            : HHH000206: hibernate.properties not found
2019-12-10 00:02:52.240  INFO 36963 --- [    Test worker] o.hibernate.annotations.common.Version   : HCANN000001: Hibernate Commons Annotations {5.0.4.Final}
2019-12-10 00:02:52.410  INFO 36963 --- [    Test worker] org.hibernate.dialect.Dialect            : HHH000400: Using dialect: org.hibernate.dialect.H2Dialect
2019-12-10 00:02:53.178  INFO 36963 --- [    Test worker] o.h.t.schema.internal.SchemaCreatorImpl  : HHH000476: Executing import script 'org.hibernate.tool.schema.internal.exec.ScriptSourceInputNonExistentImpl@2678acc'
2019-12-10 00:02:53.181  INFO 36963 --- [    Test worker] j.LocalContainerEntityManagerFactoryBean : Initialized JPA EntityManagerFactory for persistence unit 'default'
2019-12-10 00:02:54.249  INFO 36963 --- [    Test worker] o.s.s.concurrent.ThreadPoolTaskExecutor  : Initializing ExecutorService 'applicationTaskExecutor'
2019-12-10 00:02:54.331  WARN 36963 --- [    Test worker] aWebConfiguration$JpaWebMvcConfiguration : spring.jpa.open-in-view is enabled by default. Therefore, database queries may be performed during view rendering. Explicitly configure spring.jpa.open-in-view to disable this warning
2019-12-10 00:02:54.700  INFO 36963 --- [    Test worker] c.j.s.domain.posts.PostsRepositoryTest   : Started PostsRepositoryTest in 5.17 seconds (JVM running for 6.542)
2019-12-10 00:02:55.064  INFO 36963 --- [    Test worker] o.h.h.i.QueryTranslatorFactoryInitiator  : HHH000397: Using ASTQueryTranslatorFactory
>>>>>> createdDate=2019-12-10T00:02:54.824, modifiedDate=2019-12-10T00:02:54.824
]]></system-out>
  <system-err><![CDATA[]]></system-err>
</testsuite>
